<?xml version="1.0" encoding="UTF-8"?>
<!-- Generated by org.testng.reporters.JUnitXMLReporter -->
<testsuite hostname="DESKTOP-6G7JL2O" ignored="0" name="Default test" tests="3" failures="0" timestamp="25 Jun 2018 09:55:55 GMT" time="136.636" errors="0">
  <testcase name="login" time="24.805" classname="scripts.LoginAndLogout"/>
  <testcase name="uploadskill" time="42.738" classname="scripts.UploadSkills"/>
  <testcase name="remove_skill" time="30.441" classname="scripts.Remove_skills"/>
</testsuite> <!-- Default test -->
